<?xml version="1.0" encoding="UTF-8"?>
<!-- Generated by org.testng.reporters.JUnitReportReporter -->
<testsuite hostname="DESKTOP-N2O8J3T" failures="0" tests="2" name="testng.ExtentReportDemo" time="2.744" errors="0" timestamp="2024-08-12T10:58:59 IST" skipped="0">
  <testcase classname="testng.ExtentReportDemo" name="login" time="2.737"/>
  <testcase classname="testng.ExtentReportDemo" name="test2" time="0.007"/>
</testsuite> <!-- testng.ExtentReportDemo -->
