<?xml version="1.0" encoding="UTF-8"?>
<!-- Generated by org.testng.reporters.JUnitReportReporter -->
<testsuite hostname="DESKTOP-N2O8J3T" failures="0" tests="2" name="testng.FbLoginWithParameters" time="1.932" errors="0" timestamp="2024-08-02T10:29:08 IST" skipped="0">
  <testcase classname="testng.FbLoginWithParameters" name="login" time="1.326"/>
  <testcase classname="testng.FbLoginWithParameters" name="login" time="0.606"/>
</testsuite> <!-- testng.FbLoginWithParameters -->
