<?xml version="1.0" encoding="UTF-8"?>
<!-- Generated by org.testng.reporters.JUnitReportReporter -->
<testsuite hostname="DESKTOP-N2O8J3T" failures="0" tests="3" name="testng.DataProviderDemo" time="21.956" errors="0" timestamp="2024-08-02T10:43:50 IST" skipped="0">
  <testcase classname="testng.DataProviderDemo" name="login" time="7.354"/>
  <testcase classname="testng.DataProviderDemo" name="login" time="5.708"/>
  <testcase classname="testng.DataProviderDemo" name="login" time="8.894"/>
</testsuite> <!-- testng.DataProviderDemo -->
