<?xml version="1.0" encoding="UTF-8"?>
<!-- Generated by org.testng.reporters.JUnitReportReporter -->
<testsuite hostname="DESKTOP-N2O8J3T" failures="0" tests="2" name="testng.Class2" time="0.017" errors="0" timestamp="2024-08-07T10:39:58 IST" skipped="0">
  <testcase classname="testng.Class2" name="testMethod3" time="0.009"/>
  <testcase classname="testng.Class2" name="testMethod4" time="0.008"/>
</testsuite> <!-- testng.Class2 -->
