<?xml version="1.0" encoding="UTF-8"?>
<!-- Generated by org.testng.reporters.JUnitReportReporter -->
<testsuite hostname="DESKTOP-N2O8J3T" failures="0" tests="3" name="testng.CrossBroserTesting" time="8.656" errors="0" timestamp="2024-08-06T10:33:51 IST" skipped="0">
  <testcase classname="testng.CrossBroserTesting" name="login" time="3.397"/>
  <testcase classname="testng.CrossBroserTesting" name="login" time="2.230"/>
  <testcase classname="testng.CrossBroserTesting" name="login" time="3.029"/>
</testsuite> <!-- testng.CrossBroserTesting -->
