<?xml version="1.0" encoding="UTF-8"?>
<!-- Generated by org.testng.reporters.JUnitReportReporter -->
<testsuite hostname="DESKTOP-N2O8J3T" failures="0" tests="1" name="testng.FaceBookDemo" time="1.002" errors="0" timestamp="2024-07-31T10:57:17 IST" skipped="0">
  <testcase classname="testng.FaceBookDemo" name="login" time="1.002"/>
</testsuite> <!-- testng.FaceBookDemo -->
