<?xml version="1.0" encoding="UTF-8"?>
<!-- Generated by org.testng.reporters.JUnitReportReporter -->
<testsuite hostname="DESKTOP-N2O8J3T" failures="0" tests="3" name="testng.ExcelReading" time="16.661" errors="0" timestamp="2024-08-16T10:52:55 IST" skipped="0">
  <testcase classname="testng.ExcelReading" name="login" time="5.548"/>
  <testcase classname="testng.ExcelReading" name="login" time="5.308"/>
  <testcase classname="testng.ExcelReading" name="login" time="5.805"/>
</testsuite> <!-- testng.ExcelReading -->
