<?xml version="1.0" encoding="UTF-8"?>
<!-- Generated by org.testng.reporters.JUnitReportReporter -->
<testsuite hostname="DESKTOP-N2O8J3T" failures="0" tests="1" name="testng.Class3" time="0.017" errors="0" timestamp="2024-08-07T10:43:01 IST" skipped="0">
  <testcase classname="testng.Class3" name="testMethod5" time="0.017"/>
</testsuite> <!-- testng.Class3 -->
