<?xml version="1.0" encoding="UTF-8"?>
<!-- Generated by org.testng.reporters.JUnitReportReporter -->
<testsuite hostname="DESKTOP-N2O8J3T" failures="0" tests="1" name="testng.FirstTest" time="0.007" errors="0" timestamp="2024-07-31T10:57:17 IST" skipped="0">
  <testcase classname="testng.FirstTest" name="test" time="0.007"/>
</testsuite> <!-- testng.FirstTest -->
