<?xml version="1.0" encoding="UTF-8"?>
<!-- Generated by org.testng.reporters.JUnitReportReporter -->
<testsuite hostname="DESKTOP-N2O8J3T" failures="0" tests="1" name="testng.ConfigFbDemo" time="0.564" errors="0" timestamp="2024-08-05T10:43:37 IST" skipped="0">
  <testcase classname="testng.ConfigFbDemo" name="login" time="0.564"/>
</testsuite> <!-- testng.ConfigFbDemo -->
